#
# There is insufficient memory for the Java Runtime Environment to continue.
# Native memory allocation (malloc) failed to allocate 1048576 bytes. Error detail: AllocateHeap
# Possible reasons:
#   The system is out of physical RAM or swap space
#   This process is running with CompressedOops enabled, and the Java Heap may be blocking the growth of the native heap
# Possible solutions:
#   Reduce memory load on the system
#   Increase physical memory or swap space
#   Check if swap backing store is full
#   Decrease Java heap size (-Xmx/-Xms)
#   Decrease number of Java threads
#   Decrease Java thread stack sizes (-Xss)
#   Set larger code cache with -XX:ReservedCodeCacheSize=
#   JVM is running with Unscaled Compressed Oops mode in which the Java heap is
#     placed in the first 4GB address space. The Java Heap base address is the
#     maximum limit for the native heap growth. Please use -XX:HeapBaseMinAddress
#     to set the Java Heap base and to place the Java Heap above 4GB virtual address.
# This output file may be truncated or incomplete.
#
#  Out of Memory Error (allocation.cpp:44), pid=14644, tid=14108
#
# JRE version: OpenJDK Runtime Environment Temurin-21.0.9+10 (21.0.9+10) (build 21.0.9+10-LTS)
# Java VM: OpenJDK 64-Bit Server VM Temurin-21.0.9+10 (21.0.9+10-LTS, mixed mode, sharing, tiered, compressed oops, compressed class ptrs, parallel gc, windows-amd64)
# No core dump will be written. Minidumps are not enabled by default on client versions of Windows
#

---------------  S U M M A R Y ------------

Command Line: --add-modules=ALL-SYSTEM --add-opens=java.base/java.util=ALL-UNNAMED --add-opens=java.base/java.lang=ALL-UNNAMED --add-opens=java.base/sun.nio.fs=ALL-UNNAMED -Declipse.application=org.eclipse.jdt.ls.core.id1 -Dosgi.bundles.defaultStartLevel=4 -Declipse.product=org.eclipse.jdt.ls.core.product -Djava.import.generatesMetadataFilesAtProjectRoot=false -DDetectVMInstallationsJob.disabled=true -Dfile.encoding=utf8 -XX:+UseParallelGC -XX:GCTimeRatio=4 -XX:AdaptiveSizePolicyWeight=90 -Dsun.zip.disableMemoryMapping=true -Xmx2G -Xms100m -Xlog:disable -javaagent:c:\Users\moham\.vscode\extensions\redhat.java-1.52.0-win32-x64\lombok\lombok-1.18.39-4050.jar -XX:+HeapDumpOnOutOfMemoryError -XX:HeapDumpPath=c:\Users\moham\AppData\Roaming\Code\User\workspaceStorage\ccb45b5379f088c9f501be76fedf4393\redhat.java -Daether.dependencyCollector.impl=bf c:\Users\moham\.vscode\extensions\redhat.java-1.52.0-win32-x64\server\plugins\org.eclipse.equinox.launcher_1.7.100.v20251111-0406.jar -configuration c:\Users\moham\AppData\Roaming\Code\User\globalStorage\redhat.java\1.52.0\config_win -data c:\Users\moham\AppData\Roaming\Code\User\workspaceStorage\ccb45b5379f088c9f501be76fedf4393\redhat.java\jdt_ws --pipe=\\.\pipe\lsp-5a2535375a271140bac37fec08df10f6-sock

Host: Intel(R) Core(TM) i5-6300U CPU @ 2.40GHz, 4 cores, 7G,  Windows 10 , 64 bit Build 19041 (10.0.19041.5915)
Time: Fri Feb 20 16:34:13 2026 India Standard Time elapsed time: 190149.617790 seconds (2d 4h 49m 9s)

---------------  T H R E A D  ---------------

Current thread (0x000001347dd99ee0):  JavaThread "Attach Listener" daemon [_thread_in_vm, id=14108, stack(0x0000001e36800000,0x0000001e36900000) (1024K)]

Stack: [0x0000001e36800000,0x0000001e36900000]
Native frames: (J=compiled Java code, j=interpreted, Vv=VM code, C=native code)
V  [jvm.dll+0x6d6e29]
V  [jvm.dll+0x8b4b76]
V  [jvm.dll+0x8b712e]
V  [jvm.dll+0x8b7813]
V  [jvm.dll+0x283d86]
V  [jvm.dll+0xc1277]
V  [jvm.dll+0x6d76d9]
V  [jvm.dll+0x133466]
V  [jvm.dll+0x3f7ea6]
V  [jvm.dll+0x85e9ad]
V  [jvm.dll+0x6d565d]
C  [ucrtbase.dll+0x21bb2]
C  [KERNEL32.DLL+0x17374]
C  [ntdll.dll+0x4cc91]


---------------  P R O C E S S  ---------------

Threads class SMR info:
_java_thread_list=0x000001347ef40e70, length=32, elements={
0x000001347a3a6fa0, 0x000001347dd94400, 0x000001347dd956f0, 0x000001347dd98d50,
0x000001347dd99ee0, 0x000001347dd9dab0, 0x000001347dd9e500, 0x000001347dd9f330,
0x000001347de0cba0, 0x000001347eae4c90, 0x000001347ec6ed30, 0x000001347edefac0,
0x000001347ec622d0, 0x000001347ec02b30, 0x000001347ee8c6e0, 0x00000134580b9df0,
0x000001347f2636b0, 0x000001345817b8c0, 0x000001345817c5e0, 0x000001345817a510,
0x0000013458edad80, 0x0000013458eda060, 0x0000013458edd4e0, 0x0000013458edc130,
0x0000013458edce50, 0x0000013458eddb70, 0x0000013458edc7c0, 0x0000013458edb410,
0x0000013458eda6f0, 0x000001345a6ba4d0, 0x000001345817bf50, 0x0000013458179e80
}

Java Threads: ( => current thread )
  0x000001347a3a6fa0 JavaThread "main"                              [_thread_blocked, id=17000, stack(0x0000001e36100000,0x0000001e36200000) (1024K)]
  0x000001347dd94400 JavaThread "Reference Handler"          daemon [_thread_blocked, id=21024, stack(0x0000001e36500000,0x0000001e36600000) (1024K)]
  0x000001347dd956f0 JavaThread "Finalizer"                  daemon [_thread_blocked, id=22164, stack(0x0000001e36600000,0x0000001e36700000) (1024K)]
  0x000001347dd98d50 JavaThread "Signal Dispatcher"          daemon [_thread_blocked, id=15656, stack(0x0000001e36700000,0x0000001e36800000) (1024K)]
=>0x000001347dd99ee0 JavaThread "Attach Listener"            daemon [_thread_in_vm, id=14108, stack(0x0000001e36800000,0x0000001e36900000) (1024K)]
  0x000001347dd9dab0 JavaThread "Service Thread"             daemon [_thread_blocked, id=10468, stack(0x0000001e36900000,0x0000001e36a00000) (1024K)]
  0x000001347dd9e500 JavaThread "Monitor Deflation Thread"   daemon [_thread_blocked, id=2216, stack(0x0000001e36a00000,0x0000001e36b00000) (1024K)]
  0x000001347dd9f330 JavaThread "C2 CompilerThread0"         daemon [_thread_blocked, id=3608, stack(0x0000001e36b00000,0x0000001e36c00000) (1024K)]
  0x000001347de0cba0 JavaThread "C1 CompilerThread0"         daemon [_thread_blocked, id=12472, stack(0x0000001e36c00000,0x0000001e36d00000) (1024K)]
  0x000001347eae4c90 JavaThread "Common-Cleaner"             daemon [_thread_blocked, id=22048, stack(0x0000001e36d00000,0x0000001e36e00000) (1024K)]
  0x000001347ec6ed30 JavaThread "Notification Thread"        daemon [_thread_blocked, id=14020, stack(0x0000001e36e00000,0x0000001e36f00000) (1024K)]
  0x000001347edefac0 JavaThread "Active Thread: Equinox Container: 687c4b50-ec5d-4407-ab9c-4fb74dccd919"        [_thread_blocked, id=16180, stack(0x0000001e37200000,0x0000001e37300000) (1024K)]
  0x000001347ec622d0 JavaThread "Refresh Thread: Equinox Container: 687c4b50-ec5d-4407-ab9c-4fb74dccd919" daemon [_thread_blocked, id=13816, stack(0x0000001e37300000,0x0000001e37400000) (1024K)]
  0x000001347ec02b30 JavaThread "Framework Event Dispatcher: Equinox Container: 687c4b50-ec5d-4407-ab9c-4fb74dccd919" daemon [_thread_blocked, id=19180, stack(0x0000001e37400000,0x0000001e37500000) (1024K)]
  0x000001347ee8c6e0 JavaThread "Start Level: Equinox Container: 687c4b50-ec5d-4407-ab9c-4fb74dccd919" daemon [_thread_blocked, id=8172, stack(0x0000001e37500000,0x0000001e37600000) (1024K)]
  0x00000134580b9df0 JavaThread "Bundle File Closer"         daemon [_thread_blocked, id=9288, stack(0x0000001e37600000,0x0000001e37700000) (1024K)]
  0x000001347f2636b0 JavaThread "SCR Component Actor"        daemon [_thread_blocked, id=15884, stack(0x0000001e37700000,0x0000001e37800000) (1024K)]
  0x000001345817b8c0 JavaThread "Worker-JM"                         [_thread_blocked, id=15092, stack(0x0000001e37800000,0x0000001e37900000) (1024K)]
  0x000001345817c5e0 JavaThread "JNA Cleaner"                daemon [_thread_blocked, id=11668, stack(0x0000001e37900000,0x0000001e37a00000) (1024K)]
  0x000001345817a510 JavaThread "Java indexing"              daemon [_thread_blocked, id=2600, stack(0x0000001e37d00000,0x0000001e37e00000) (1024K)]
  0x0000013458edad80 JavaThread "Thread-1"                   daemon [_thread_in_native, id=12784, stack(0x0000001e38200000,0x0000001e38300000) (1024K)]
  0x0000013458eda060 JavaThread "Thread-2"                   daemon [_thread_in_native, id=2676, stack(0x0000001e38300000,0x0000001e38400000) (1024K)]
  0x0000013458edd4e0 JavaThread "Thread-3"                   daemon [_thread_in_native, id=9036, stack(0x0000001e38400000,0x0000001e38500000) (1024K)]
  0x0000013458edc130 JavaThread "Thread-4"                   daemon [_thread_in_native, id=10924, stack(0x0000001e38500000,0x0000001e38600000) (1024K)]
  0x0000013458edce50 JavaThread "Thread-5"                   daemon [_thread_in_native, id=7480, stack(0x0000001e38600000,0x0000001e38700000) (1024K)]
  0x0000013458eddb70 JavaThread "pool-2-thread-1"                   [_thread_blocked, id=14920, stack(0x0000001e38700000,0x0000001e38800000) (1024K)]
  0x0000013458edc7c0 JavaThread "WorkspaceEventsHandler"            [_thread_blocked, id=672, stack(0x0000001e38800000,0x0000001e38900000) (1024K)]
  0x0000013458edb410 JavaThread "pool-1-thread-1"                   [_thread_blocked, id=6040, stack(0x0000001e38900000,0x0000001e38a00000) (1024K)]
  0x0000013458eda6f0 JavaThread "Cleaner-0"                  daemon [_thread_blocked, id=16228, stack(0x0000001e37c00000,0x0000001e37d00000) (1024K)]
  0x000001345a6ba4d0 JavaThread "Worker-31"                         [_thread_blocked, id=4752, stack(0x0000001e37f00000,0x0000001e38000000) (1024K)]
  0x000001345817bf50 JavaThread "Worker-39"                         [_thread_blocked, id=18632, stack(0x0000001e35f00000,0x0000001e36000000) (1024K)]
  0x0000013458179e80 JavaThread "Worker-40"                         [_thread_blocked, id=2756, stack(0x0000001e36000000,0x0000001e36100000) (1024K)]
Total: 32

Other Threads:
  0x000001347dd8f8e0 VMThread "VM Thread"                           [id=16448, stack(0x0000001e36400000,0x0000001e36500000) (1024K)]
  0x000001347a410cb0 WatcherThread "VM Periodic Task Thread"        [id=10144, stack(0x0000001e36300000,0x0000001e36400000) (1024K)]
  0x000001347a3c5250 WorkerThread "GC Thread#0"                     [id=15508, stack(0x0000001e36200000,0x0000001e36300000) (1024K)]
  0x000001347f0e5dd0 WorkerThread "GC Thread#1"                     [id=17132, stack(0x0000001e36f00000,0x0000001e37000000) (1024K)]
  0x000001347f0e6170 WorkerThread "GC Thread#2"                     [id=12712, stack(0x0000001e37000000,0x0000001e37100000) (1024K)]
  0x000001347ee96b50 WorkerThread "GC Thread#3"                     [id=2620, stack(0x0000001e37100000,0x0000001e37200000) (1024K)]
Total: 6

Threads with active compile tasks:
Total: 0

VM state: not at safepoint (normal execution)

VM Mutex/Monitor currently owned by a thread: None

Heap address: 0x0000000080000000, size: 2048 MB, Compressed Oops mode: 32-bit

CDS archive(s) mapped at: [0x0000013413000000-0x0000013413ba0000-0x0000013413ba0000), size 12189696, SharedBaseAddress: 0x0000013413000000, ArchiveRelocationMode: 1.
Compressed class space mapped at: 0x0000013414000000-0x0000013454000000, reserved size: 1073741824
Narrow klass base: 0x0000013413000000, Narrow klass shift: 0, Narrow klass range: 0x100000000

GC Precious Log:
 CardTable entry size: 512
 CPUs: 4 total, 4 available
 Memory: 8059M
 Large Page Support: Disabled
 NUMA Support: Disabled
 Compressed Oops: Enabled (32-bit)
 Alignments: Space 512K, Generation 512K, Heap 2M
 Heap Min Capacity: 100M
 Heap Initial Capacity: 100M
 Heap Max Capacity: 2G
 Pre-touch: Disabled
 Parallel Workers: 4

Heap:
 PSYoungGen      total 3072K, used 2266K [0x00000000d5580000, 0x00000000d5980000, 0x0000000100000000)
  eden space 2560K, 83% used [0x00000000d5580000,0x00000000d5796a98,0x00000000d5800000)
  from space 512K, 25% used [0x00000000d5900000,0x00000000d5920000,0x00000000d5980000)
  to   space 512K, 0% used [0x00000000d5880000,0x00000000d5880000,0x00000000d5900000)
 ParOldGen       total 174592K, used 174194K [0x0000000080000000, 0x000000008aa80000, 0x00000000d5580000)
  object space 174592K, 99% used [0x0000000080000000,0x000000008aa1c8b8,0x000000008aa80000)
 Metaspace       used 101309K, committed 103232K, reserved 1179648K
  class space    used 9976K, committed 10880K, reserved 1048576K

Card table byte_map: [0x0000013479d70000,0x000001347a180000] _byte_map_base: 0x0000013479970000

Marking Bits: (ParMarkBitMap*) 0x00007ffab5532460
 Begin Bits: [0x000001340f000000, 0x0000013411000000)
 End Bits:   [0x0000013411000000, 0x0000013413000000)

Polling page: 0x0000013479b60000

Metaspace:

Usage:
  Non-class:     89.19 MB used.
      Class:      9.74 MB used.
       Both:     98.94 MB used.

Virtual space:
  Non-class space:      128.00 MB reserved,      90.19 MB ( 70%) committed,  2 nodes.
      Class space:        1.00 GB reserved,      10.62 MB (  1%) committed,  1 nodes.
             Both:        1.12 GB reserved,     100.81 MB (  9%) committed. 

Chunk freelists:
   Non-Class:  5.77 MB
       Class:  5.38 MB
        Both:  11.15 MB

MaxMetaspaceSize: unlimited
CompressedClassSpaceSize: 1.00 GB
Initial GC threshold: 21.00 MB
Current GC threshold: 167.94 MB
CDS: on
 - commit_granule_bytes: 65536.
 - commit_granule_words: 8192.
 - virtual_space_node_default_size: 8388608.
 - enlarge_chunks_in_place: 1.
 - use_allocation_guard: 0.


Internal statistics:

num_allocs_failed_limit: 9.
num_arena_births: 2282.
num_arena_deaths: 728.
num_vsnodes_births: 3.
num_vsnodes_deaths: 0.
num_space_committed: 1619.
num_space_uncommitted: 4.
num_chunks_returned_to_freelist: 995.
num_chunks_taken_from_freelist: 7902.
num_chunk_merges: 246.
num_chunk_splits: 4351.
num_chunks_enlarged: 2318.
num_inconsistent_stats: 0.

CodeHeap 'non-profiled nmethods': size=120000Kb used=29126Kb max_used=32393Kb free=90873Kb
 bounds [0x0000013407ad0000, 0x0000013409a80000, 0x000001340f000000]
CodeHeap 'profiled nmethods': size=120000Kb used=46260Kb max_used=56540Kb free=73740Kb
 bounds [0x0000013400000000, 0x00000134037f0000, 0x0000013407530000]
CodeHeap 'non-nmethods': size=5760Kb used=1542Kb max_used=1698Kb free=4217Kb
 bounds [0x0000013407530000, 0x00000134077a0000, 0x0000013407ad0000]
CodeCache: size=245760Kb, used=76928Kb, max_used=90631Kb, free=168830Kb
 total_blobs=21251, nmethods=20389, adapters=763, full_count=0
Compilation: enabled, stopped_count=0, restarted_count=0

Compilation events (20 events):
Event: 173733.948 Thread 0x000001347dd9f330 32992       4       java.util.concurrent.ThreadPoolExecutor$Worker::tryAcquire (20 bytes)
Event: 173733.950 Thread 0x000001347dd9f330 nmethod 32992 0x0000013407ba9410 code [0x0000013407ba95a0, 0x0000013407ba9668]
Event: 174294.361 Thread 0x000001347dd9f330 32993       4       java.util.concurrent.ThreadPoolExecutor$Worker::lock (6 bytes)
Event: 174294.369 Thread 0x000001347dd9f330 nmethod 32993 0x00000134082f0310 code [0x00000134082f04a0, 0x00000134082f0588]
Event: 174334.386 Thread 0x000001347dd9f330 32994   !   4       java.util.concurrent.ThreadPoolExecutor::getTask (177 bytes)
Event: 174334.766 Thread 0x000001347dd9f330 nmethod 32994 0x0000013408df6390 code [0x0000013408df6880, 0x0000013408df89f8]
Event: 175690.375 Thread 0x000001347dd9f330 32995       4       org.eclipse.core.runtime.jobs.Job::getRule (5 bytes)
Event: 175690.398 Thread 0x000001347dd9f330 nmethod 32995 0x0000013407bcc810 code [0x0000013407bcc9a0, 0x0000013407bcca30]
Event: 180439.519 Thread 0x000001347dd9f330 32996       4       java.util.concurrent.Executors$RunnableAdapter::call (14 bytes)
Event: 180439.535 Thread 0x000001347dd9f330 nmethod 32996 0x0000013407bfaf90 code [0x0000013407bfb120, 0x0000013407bfb1e0]
Event: 181550.379 Thread 0x000001347dd9f330 32997       4       java.util.concurrent.ScheduledThreadPoolExecutor::triggerTime (22 bytes)
Event: 181550.380 Thread 0x000001347dd9f330 nmethod 32997 0x0000013407c06310 code [0x0000013407c064a0, 0x0000013407c06590]
Event: 181550.380 Thread 0x000001347dd9f330 32998       4       java.util.concurrent.ScheduledThreadPoolExecutor$DelayedWorkQueue::add (9 bytes)
Event: 181550.402 Thread 0x000001347dd9f330 nmethod 32998 0x0000013408482f90 code [0x00000134084831c0, 0x0000013408483768]
Event: 181570.387 Thread 0x000001347dd9f330 32999       4       java.util.concurrent.ScheduledThreadPoolExecutor$ScheduledFutureTask::run (57 bytes)
Event: 181570.478 Thread 0x000001347dd9f330 nmethod 32999 0x00000134097bd810 code [0x00000134097bdac0, 0x00000134097be648]
Event: 181570.478 Thread 0x000001347dd9f330 33000       4       java.util.concurrent.ScheduledThreadPoolExecutor$ScheduledFutureTask::setNextRunTime (38 bytes)
Event: 181570.480 Thread 0x000001347dd9f330 nmethod 33000 0x0000013408313e10 code [0x0000013408313fa0, 0x00000134083140f8]
Event: 181990.628 Thread 0x000001347dd9f330 33001       4       org.eclipse.core.internal.dtree.DataTreeNode::storeStrings (28 bytes)
Event: 181990.670 Thread 0x000001347dd9f330 nmethod 33001 0x0000013408a7d910 code [0x0000013408a7db00, 0x0000013408a7ddd8]

GC Heap History (20 events):
Event: 170226.991 GC heap before
{Heap before GC invocations=5107 (full 8):
 PSYoungGen      total 3072K, used 2688K [0x00000000d5580000, 0x00000000d5980000, 0x0000000100000000)
  eden space 2560K, 100% used [0x00000000d5580000,0x00000000d5800000,0x00000000d5800000)
  from space 512K, 25% used [0x00000000d5900000,0x00000000d5920000,0x00000000d5980000)
  to   space 512K, 0% used [0x00000000d5880000,0x00000000d5880000,0x00000000d5900000)
 ParOldGen       total 174592K, used 174162K [0x0000000080000000, 0x000000008aa80000, 0x00000000d5580000)
  object space 174592K, 99% used [0x0000000080000000,0x000000008aa148b8,0x000000008aa80000)
 Metaspace       used 101309K, committed 103232K, reserved 1179648K
  class space    used 9976K, committed 10880K, reserved 1048576K
}
Event: 170226.992 GC heap after
{Heap after GC invocations=5107 (full 8):
 PSYoungGen      total 3072K, used 96K [0x00000000d5580000, 0x00000000d5980000, 0x0000000100000000)
  eden space 2560K, 0% used [0x00000000d5580000,0x00000000d5580000,0x00000000d5800000)
  from space 512K, 18% used [0x00000000d5880000,0x00000000d5898000,0x00000000d5900000)
  to   space 512K, 0% used [0x00000000d5900000,0x00000000d5900000,0x00000000d5980000)
 ParOldGen       total 174592K, used 174162K [0x0000000080000000, 0x000000008aa80000, 0x00000000d5580000)
  object space 174592K, 99% used [0x0000000080000000,0x000000008aa148b8,0x000000008aa80000)
 Metaspace       used 101309K, committed 103232K, reserved 1179648K
  class space    used 9976K, committed 10880K, reserved 1048576K
}
Event: 170227.058 GC heap before
{Heap before GC invocations=5108 (full 8):
 PSYoungGen      total 3072K, used 2656K [0x00000000d5580000, 0x00000000d5980000, 0x0000000100000000)
  eden space 2560K, 100% used [0x00000000d5580000,0x00000000d5800000,0x00000000d5800000)
  from space 512K, 18% used [0x00000000d5880000,0x00000000d5898000,0x00000000d5900000)
  to   space 512K, 0% used [0x00000000d5900000,0x00000000d5900000,0x00000000d5980000)
 ParOldGen       total 174592K, used 174162K [0x0000000080000000, 0x000000008aa80000, 0x00000000d5580000)
  object space 174592K, 99% used [0x0000000080000000,0x000000008aa148b8,0x000000008aa80000)
 Metaspace       used 101309K, committed 103232K, reserved 1179648K
  class space    used 9976K, committed 10880K, reserved 1048576K
}
Event: 170227.060 GC heap after
{Heap after GC invocations=5108 (full 8):
 PSYoungGen      total 3072K, used 128K [0x00000000d5580000, 0x00000000d5980000, 0x0000000100000000)
  eden space 2560K, 0% used [0x00000000d5580000,0x00000000d5580000,0x00000000d5800000)
  from space 512K, 25% used [0x00000000d5900000,0x00000000d5920000,0x00000000d5980000)
  to   space 512K, 0% used [0x00000000d5880000,0x00000000d5880000,0x00000000d5900000)
 ParOldGen       total 174592K, used 174162K [0x0000000080000000, 0x000000008aa80000, 0x00000000d5580000)
  object space 174592K, 99% used [0x0000000080000000,0x000000008aa148b8,0x000000008aa80000)
 Metaspace       used 101309K, committed 103232K, reserved 1179648K
  class space    used 9976K, committed 10880K, reserved 1048576K
}
Event: 170227.685 GC heap before
{Heap before GC invocations=5109 (full 8):
 PSYoungGen      total 3072K, used 2688K [0x00000000d5580000, 0x00000000d5980000, 0x0000000100000000)
  eden space 2560K, 100% used [0x00000000d5580000,0x00000000d5800000,0x00000000d5800000)
  from space 512K, 25% used [0x00000000d5900000,0x00000000d5920000,0x00000000d5980000)
  to   space 512K, 0% used [0x00000000d5880000,0x00000000d5880000,0x00000000d5900000)
 ParOldGen       total 174592K, used 174162K [0x0000000080000000, 0x000000008aa80000, 0x00000000d5580000)
  object space 174592K, 99% used [0x0000000080000000,0x000000008aa148b8,0x000000008aa80000)
 Metaspace       used 101309K, committed 103232K, reserved 1179648K
  class space    used 9976K, committed 10880K, reserved 1048576K
}
Event: 170227.687 GC heap after
{Heap after GC invocations=5109 (full 8):
 PSYoungGen      total 3072K, used 128K [0x00000000d5580000, 0x00000000d5980000, 0x0000000100000000)
  eden space 2560K, 0% used [0x00000000d5580000,0x00000000d5580000,0x00000000d5800000)
  from space 512K, 25% used [0x00000000d5880000,0x00000000d58a0000,0x00000000d5900000)
  to   space 512K, 0% used [0x00000000d5900000,0x00000000d5900000,0x00000000d5980000)
 ParOldGen       total 174592K, used 174162K [0x0000000080000000, 0x000000008aa80000, 0x00000000d5580000)
  object space 174592K, 99% used [0x0000000080000000,0x000000008aa148b8,0x000000008aa80000)
 Metaspace       used 101309K, committed 103232K, reserved 1179648K
  class space    used 9976K, committed 10880K, reserved 1048576K
}
Event: 170227.846 GC heap before
{Heap before GC invocations=5110 (full 8):
 PSYoungGen      total 3072K, used 2688K [0x00000000d5580000, 0x00000000d5980000, 0x0000000100000000)
  eden space 2560K, 100% used [0x00000000d5580000,0x00000000d5800000,0x00000000d5800000)
  from space 512K, 25% used [0x00000000d5880000,0x00000000d58a0000,0x00000000d5900000)
  to   space 512K, 0% used [0x00000000d5900000,0x00000000d5900000,0x00000000d5980000)
 ParOldGen       total 174592K, used 174162K [0x0000000080000000, 0x000000008aa80000, 0x00000000d5580000)
  object space 174592K, 99% used [0x0000000080000000,0x000000008aa148b8,0x000000008aa80000)
 Metaspace       used 101309K, committed 103232K, reserved 1179648K
  class space    used 9976K, committed 10880K, reserved 1048576K
}
Event: 170227.848 GC heap after
{Heap after GC invocations=5110 (full 8):
 PSYoungGen      total 3072K, used 96K [0x00000000d5580000, 0x00000000d5980000, 0x0000000100000000)
  eden space 2560K, 0% used [0x00000000d5580000,0x00000000d5580000,0x00000000d5800000)
  from space 512K, 18% used [0x00000000d5900000,0x00000000d5918000,0x00000000d5980000)
  to   space 512K, 0% used [0x00000000d5880000,0x00000000d5880000,0x00000000d5900000)
 ParOldGen       total 174592K, used 174162K [0x0000000080000000, 0x000000008aa80000, 0x00000000d5580000)
  object space 174592K, 99% used [0x0000000080000000,0x000000008aa148b8,0x000000008aa80000)
 Metaspace       used 101309K, committed 103232K, reserved 1179648K
  class space    used 9976K, committed 10880K, reserved 1048576K
}
Event: 170227.993 GC heap before
{Heap before GC invocations=5111 (full 8):
 PSYoungGen      total 3072K, used 2656K [0x00000000d5580000, 0x00000000d5980000, 0x0000000100000000)
  eden space 2560K, 100% used [0x00000000d5580000,0x00000000d5800000,0x00000000d5800000)
  from space 512K, 18% used [0x00000000d5900000,0x00000000d5918000,0x00000000d5980000)
  to   space 512K, 0% used [0x00000000d5880000,0x00000000d5880000,0x00000000d5900000)
 ParOldGen       total 174592K, used 174162K [0x0000000080000000, 0x000000008aa80000, 0x00000000d5580000)
  object space 174592K, 99% used [0x0000000080000000,0x000000008aa148b8,0x000000008aa80000)
 Metaspace       used 101309K, committed 103232K, reserved 1179648K
  class space    used 9976K, committed 10880K, reserved 1048576K
}
Event: 170227.996 GC heap after
{Heap after GC invocations=5111 (full 8):
 PSYoungGen      total 3072K, used 96K [0x00000000d5580000, 0x00000000d5980000, 0x0000000100000000)
  eden space 2560K, 0% used [0x00000000d5580000,0x00000000d5580000,0x00000000d5800000)
  from space 512K, 18% used [0x00000000d5880000,0x00000000d5898000,0x00000000d5900000)
  to   space 512K, 0% used [0x00000000d5900000,0x00000000d5900000,0x00000000d5980000)
 ParOldGen       total 174592K, used 174162K [0x0000000080000000, 0x000000008aa80000, 0x00000000d5580000)
  object space 174592K, 99% used [0x0000000080000000,0x000000008aa148b8,0x000000008aa80000)
 Metaspace       used 101309K, committed 103232K, reserved 1179648K
  class space    used 9976K, committed 10880K, reserved 1048576K
}
Event: 170229.405 GC heap before
{Heap before GC invocations=5112 (full 8):
 PSYoungGen      total 3072K, used 2656K [0x00000000d5580000, 0x00000000d5980000, 0x0000000100000000)
  eden space 2560K, 100% used [0x00000000d5580000,0x00000000d5800000,0x00000000d5800000)
  from space 512K, 18% used [0x00000000d5880000,0x00000000d5898000,0x00000000d5900000)
  to   space 512K, 0% used [0x00000000d5900000,0x00000000d5900000,0x00000000d5980000)
 ParOldGen       total 174592K, used 174162K [0x0000000080000000, 0x000000008aa80000, 0x00000000d5580000)
  object space 174592K, 99% used [0x0000000080000000,0x000000008aa148b8,0x000000008aa80000)
 Metaspace       used 101309K, committed 103232K, reserved 1179648K
  class space    used 9976K, committed 10880K, reserved 1048576K
}
Event: 170229.407 GC heap after
{Heap after GC invocations=5112 (full 8):
 PSYoungGen      total 3072K, used 128K [0x00000000d5580000, 0x00000000d5980000, 0x0000000100000000)
  eden space 2560K, 0% used [0x00000000d5580000,0x00000000d5580000,0x00000000d5800000)
  from space 512K, 25% used [0x00000000d5900000,0x00000000d5920000,0x00000000d5980000)
  to   space 512K, 0% used [0x00000000d5880000,0x00000000d5880000,0x00000000d5900000)
 ParOldGen       total 174592K, used 174162K [0x0000000080000000, 0x000000008aa80000, 0x00000000d5580000)
  object space 174592K, 99% used [0x0000000080000000,0x000000008aa148b8,0x000000008aa80000)
 Metaspace       used 101309K, committed 103232K, reserved 1179648K
  class space    used 9976K, committed 10880K, reserved 1048576K
}
Event: 170230.313 GC heap before
{Heap before GC invocations=5113 (full 8):
 PSYoungGen      total 3072K, used 2688K [0x00000000d5580000, 0x00000000d5980000, 0x0000000100000000)
  eden space 2560K, 100% used [0x00000000d5580000,0x00000000d5800000,0x00000000d5800000)
  from space 512K, 25% used [0x00000000d5900000,0x00000000d5920000,0x00000000d5980000)
  to   space 512K, 0% used [0x00000000d5880000,0x00000000d5880000,0x00000000d5900000)
 ParOldGen       total 174592K, used 174162K [0x0000000080000000, 0x000000008aa80000, 0x00000000d5580000)
  object space 174592K, 99% used [0x0000000080000000,0x000000008aa148b8,0x000000008aa80000)
 Metaspace       used 101309K, committed 103232K, reserved 1179648K
  class space    used 9976K, committed 10880K, reserved 1048576K
}
Event: 170230.314 GC heap after
{Heap after GC invocations=5113 (full 8):
 PSYoungGen      total 3072K, used 128K [0x00000000d5580000, 0x00000000d5980000, 0x0000000100000000)
  eden space 2560K, 0% used [0x00000000d5580000,0x00000000d5580000,0x00000000d5800000)
  from space 512K, 25% used [0x00000000d5880000,0x00000000d58a0000,0x00000000d5900000)
  to   space 512K, 0% used [0x00000000d5900000,0x00000000d5900000,0x00000000d5980000)
 ParOldGen       total 174592K, used 174178K [0x0000000080000000, 0x000000008aa80000, 0x00000000d5580000)
  object space 174592K, 99% used [0x0000000080000000,0x000000008aa188b8,0x000000008aa80000)
 Metaspace       used 101309K, committed 103232K, reserved 1179648K
  class space    used 9976K, committed 10880K, reserved 1048576K
}
Event: 170231.043 GC heap before
{Heap before GC invocations=5114 (full 8):
 PSYoungGen      total 3072K, used 2688K [0x00000000d5580000, 0x00000000d5980000, 0x0000000100000000)
  eden space 2560K, 100% used [0x00000000d5580000,0x00000000d5800000,0x00000000d5800000)
  from space 512K, 25% used [0x00000000d5880000,0x00000000d58a0000,0x00000000d5900000)
  to   space 512K, 0% used [0x00000000d5900000,0x00000000d5900000,0x00000000d5980000)
 ParOldGen       total 174592K, used 174178K [0x0000000080000000, 0x000000008aa80000, 0x00000000d5580000)
  object space 174592K, 99% used [0x0000000080000000,0x000000008aa188b8,0x000000008aa80000)
 Metaspace       used 101309K, committed 103232K, reserved 1179648K
  class space    used 9976K, committed 10880K, reserved 1048576K
}
Event: 170231.044 GC heap after
{Heap after GC invocations=5114 (full 8):
 PSYoungGen      total 3072K, used 128K [0x00000000d5580000, 0x00000000d5980000, 0x0000000100000000)
  eden space 2560K, 0% used [0x00000000d5580000,0x00000000d5580000,0x00000000d5800000)
  from space 512K, 25% used [0x00000000d5900000,0x00000000d5920000,0x00000000d5980000)
  to   space 512K, 0% used [0x00000000d5880000,0x00000000d5880000,0x00000000d5900000)
 ParOldGen       total 174592K, used 174178K [0x0000000080000000, 0x000000008aa80000, 0x00000000d5580000)
  object space 174592K, 99% used [0x0000000080000000,0x000000008aa188b8,0x000000008aa80000)
 Metaspace       used 101309K, committed 103232K, reserved 1179648K
  class space    used 9976K, committed 10880K, reserved 1048576K
}
Event: 170246.839 GC heap before
{Heap before GC invocations=5115 (full 8):
 PSYoungGen      total 3072K, used 2688K [0x00000000d5580000, 0x00000000d5980000, 0x0000000100000000)
  eden space 2560K, 100% used [0x00000000d5580000,0x00000000d5800000,0x00000000d5800000)
  from space 512K, 25% used [0x00000000d5900000,0x00000000d5920000,0x00000000d5980000)
  to   space 512K, 0% used [0x00000000d5880000,0x00000000d5880000,0x00000000d5900000)
 ParOldGen       total 174592K, used 174178K [0x0000000080000000, 0x000000008aa80000, 0x00000000d5580000)
  object space 174592K, 99% used [0x0000000080000000,0x000000008aa188b8,0x000000008aa80000)
 Metaspace       used 101309K, committed 103232K, reserved 1179648K
  class space    used 9976K, committed 10880K, reserved 1048576K
}
Event: 170246.841 GC heap after
{Heap after GC invocations=5115 (full 8):
 PSYoungGen      total 3072K, used 128K [0x00000000d5580000, 0x00000000d5980000, 0x0000000100000000)
  eden space 2560K, 0% used [0x00000000d5580000,0x00000000d5580000,0x00000000d5800000)
  from space 512K, 25% used [0x00000000d5880000,0x00000000d58a0000,0x00000000d5900000)
  to   space 512K, 0% used [0x00000000d5900000,0x00000000d5900000,0x00000000d5980000)
 ParOldGen       total 174592K, used 174186K [0x0000000080000000, 0x000000008aa80000, 0x00000000d5580000)
  object space 174592K, 99% used [0x0000000080000000,0x000000008aa1a8b8,0x000000008aa80000)
 Metaspace       used 101309K, committed 103232K, reserved 1179648K
  class space    used 9976K, committed 10880K, reserved 1048576K
}
Event: 170251.112 GC heap before
{Heap before GC invocations=5116 (full 8):
 PSYoungGen      total 3072K, used 2688K [0x00000000d5580000, 0x00000000d5980000, 0x0000000100000000)
  eden space 2560K, 100% used [0x00000000d5580000,0x00000000d5800000,0x00000000d5800000)
  from space 512K, 25% used [0x00000000d5880000,0x00000000d58a0000,0x00000000d5900000)
  to   space 512K, 0% used [0x00000000d5900000,0x00000000d5900000,0x00000000d5980000)
 ParOldGen       total 174592K, used 174186K [0x0000000080000000, 0x000000008aa80000, 0x00000000d5580000)
  object space 174592K, 99% used [0x0000000080000000,0x000000008aa1a8b8,0x000000008aa80000)
 Metaspace       used 101309K, committed 103232K, reserved 1179648K
  class space    used 9976K, committed 10880K, reserved 1048576K
}
Event: 170251.115 GC heap after
{Heap after GC invocations=5116 (full 8):
 PSYoungGen      total 3072K, used 128K [0x00000000d5580000, 0x00000000d5980000, 0x0000000100000000)
  eden space 2560K, 0% used [0x00000000d5580000,0x00000000d5580000,0x00000000d5800000)
  from space 512K, 25% used [0x00000000d5900000,0x00000000d5920000,0x00000000d5980000)
  to   space 512K, 0% used [0x00000000d5880000,0x00000000d5880000,0x00000000d5900000)
 ParOldGen       total 174592K, used 174194K [0x0000000080000000, 0x000000008aa80000, 0x00000000d5580000)
  object space 174592K, 99% used [0x0000000080000000,0x000000008aa1c8b8,0x000000008aa80000)
 Metaspace       used 101309K, committed 103232K, reserved 1179648K
  class space    used 9976K, committed 10880K, reserved 1048576K
}

Dll operation events (12 events):
Event: 0.019 Loaded shared library c:\Users\moham\.vscode\extensions\redhat.java-1.52.0-win32-x64\jre\21.0.9-win32-x86_64\bin\java.dll
Event: 0.489 Loaded shared library c:\Users\moham\.vscode\extensions\redhat.java-1.52.0-win32-x64\jre\21.0.9-win32-x86_64\bin\zip.dll
Event: 0.553 Loaded shared library C:\Users\moham\.vscode\extensions\redhat.java-1.52.0-win32-x64\jre\21.0.9-win32-x86_64\bin\instrument.dll
Event: 0.562 Loaded shared library C:\Users\moham\.vscode\extensions\redhat.java-1.52.0-win32-x64\jre\21.0.9-win32-x86_64\bin\net.dll
Event: 0.566 Loaded shared library C:\Users\moham\.vscode\extensions\redhat.java-1.52.0-win32-x64\jre\21.0.9-win32-x86_64\bin\nio.dll
Event: 0.573 Loaded shared library C:\Users\moham\.vscode\extensions\redhat.java-1.52.0-win32-x64\jre\21.0.9-win32-x86_64\bin\zip.dll
Event: 0.631 Loaded shared library C:\Users\moham\.vscode\extensions\redhat.java-1.52.0-win32-x64\jre\21.0.9-win32-x86_64\bin\jimage.dll
Event: 1.011 Loaded shared library c:\Users\moham\.vscode\extensions\redhat.java-1.52.0-win32-x64\jre\21.0.9-win32-x86_64\bin\verify.dll
Event: 10.516 Loaded shared library C:\Users\moham\AppData\Roaming\Code\User\globalStorage\redhat.java\1.52.0\config_win\org.eclipse.equinox.launcher\org.eclipse.equinox.launcher.win32.win32.x86_64_1.2.1500.v20260121-1430\eclipse_11919.dll
Event: 27.420 Loaded shared library C:\Users\moham\AppData\Local\Temp\jna-104073650\jna8493626956880963960.dll
Event: 37.045 Loaded shared library C:\Users\moham\.vscode\extensions\redhat.java-1.52.0-win32-x64\jre\21.0.9-win32-x86_64\bin\sunmscapi.dll
Event: 38.108 Loaded shared library C:\Users\moham\.vscode\extensions\redhat.java-1.52.0-win32-x64\jre\21.0.9-win32-x86_64\bin\extnet.dll

Deoptimization events (20 events):
Event: 170134.065 Thread 0x000001345a6b6330 DEOPT PACKING pc=0x00000134085b6bf0 sp=0x0000001e360fecd0
Event: 170134.066 Thread 0x000001345a6b6330 DEOPT UNPACKING pc=0x0000013407583aa2 sp=0x0000001e360febd0 mode 2
Event: 170134.066 Thread 0x000001345a6b6330 Uncommon trap: trap_request=0xffffff45 fr.pc=0x0000013407b7d558 relative=0x00000000000001d8
Event: 170134.066 Thread 0x000001345a6b6330 Uncommon trap: reason=unstable_if action=reinterpret pc=0x0000013407b7d558 method=org.eclipse.jdt.ls.core.internal.semantictokens.TokenModifier.isDeclaration(Lorg/eclipse/jdt/core/dom/SimpleName;)Z @ 110 c2
Event: 170134.066 Thread 0x000001345a6b6330 DEOPT PACKING pc=0x0000013407b7d558 sp=0x0000001e360feb60
Event: 170134.066 Thread 0x000001345a6b6330 DEOPT UNPACKING pc=0x0000013407583aa2 sp=0x0000001e360fea90 mode 2
Event: 170134.066 Thread 0x000001345a6b6330 Uncommon trap: trap_request=0xffffff45 fr.pc=0x0000013407ca62ac relative=0x00000000000001ac
Event: 170134.066 Thread 0x000001345a6b6330 Uncommon trap: reason=unstable_if action=reinterpret pc=0x0000013407ca62ac method=org.eclipse.jdt.ls.core.internal.semantictokens.TokenModifier.isDeclaration(Lorg/eclipse/jdt/core/dom/SimpleName;)Z @ 110 c2
Event: 170134.066 Thread 0x000001345a6b6330 DEOPT PACKING pc=0x0000013407ca62ac sp=0x0000001e360feb00
Event: 170134.066 Thread 0x000001345a6b6330 DEOPT UNPACKING pc=0x0000013407583aa2 sp=0x0000001e360fea90 mode 2
Event: 170140.977 Thread 0x000001345a6b6330 DEOPT PACKING pc=0x0000013401734dc7 sp=0x0000001e360feee0
Event: 170140.980 Thread 0x000001345a6b6330 DEOPT UNPACKING pc=0x0000013407584242 sp=0x0000001e360fe3f0 mode 0
Event: 181560.387 Thread 0x0000013458eddb70 Uncommon trap: trap_request=0xffffffd6 fr.pc=0x00000134084834e8 relative=0x0000000000000328
Event: 181560.389 Thread 0x0000013458eddb70 Uncommon trap: reason=array_check action=maybe_recompile pc=0x00000134084834e8 method=java.util.concurrent.ScheduledThreadPoolExecutor$DelayedWorkQueue.offer(Ljava/lang/Runnable;)Z @ 65 c2
Event: 181560.389 Thread 0x0000013458eddb70 DEOPT PACKING pc=0x00000134084834e8 sp=0x0000001e387ff320
Event: 181560.391 Thread 0x0000013458eddb70 DEOPT UNPACKING pc=0x0000013407583aa2 sp=0x0000001e387ff1c0 mode 2
Event: 181570.387 Thread 0x0000013458eddb70 Uncommon trap: trap_request=0xffffffd6 fr.pc=0x00000134084834e8 relative=0x0000000000000328
Event: 181570.387 Thread 0x0000013458eddb70 Uncommon trap: reason=array_check action=maybe_recompile pc=0x00000134084834e8 method=java.util.concurrent.ScheduledThreadPoolExecutor$DelayedWorkQueue.offer(Ljava/lang/Runnable;)Z @ 65 c2
Event: 181570.387 Thread 0x0000013458eddb70 DEOPT PACKING pc=0x00000134084834e8 sp=0x0000001e387ff320
Event: 181570.388 Thread 0x0000013458eddb70 DEOPT UNPACKING pc=0x0000013407583aa2 sp=0x0000001e387ff1c0 mode 2

Classes loaded (20 events):
Event: 92480.881 Loading class java/util/function/IntBinaryOperator
Event: 92480.881 Loading class java/util/function/IntBinaryOperator done
Event: 92480.881 Loading class java/util/function/IntToDoubleFunction
Event: 92480.881 Loading class java/util/function/IntToDoubleFunction done
Event: 92480.881 Loading class java/util/function/IntToLongFunction
Event: 92480.881 Loading class java/util/function/IntToLongFunction done
Event: 92523.892 Loading class jdk/internal/module/IllegalAccessLogger
Event: 92523.892 Loading class jdk/internal/module/IllegalAccessLogger done
Event: 92527.822 Loading class jdk/internal/module/IllegalAccessLogger
Event: 92527.822 Loading class jdk/internal/module/IllegalAccessLogger done
Event: 95557.587 Loading class jdk/internal/module/IllegalAccessLogger
Event: 95557.587 Loading class jdk/internal/module/IllegalAccessLogger done
Event: 95586.000 Loading class jdk/internal/module/IllegalAccessLogger
Event: 95586.000 Loading class jdk/internal/module/IllegalAccessLogger done
Event: 169548.868 Loading class jdk/internal/module/IllegalAccessLogger
Event: 169548.869 Loading class jdk/internal/module/IllegalAccessLogger done
Event: 169903.145 Loading class jdk/internal/module/IllegalAccessLogger
Event: 169903.145 Loading class jdk/internal/module/IllegalAccessLogger done
Event: 170113.619 Loading class jdk/internal/module/IllegalAccessLogger
Event: 170113.619 Loading class jdk/internal/module/IllegalAccessLogger done

Classes unloaded (20 events):
Event: 170114.656 Thread 0x000001347dd8f8e0 Unloading class 0x0000013414270800 'java/lang/invoke/LambdaForm$MH+0x0000013414270800'
Event: 170114.656 Thread 0x000001347dd8f8e0 Unloading class 0x0000013414284c00 'java/lang/invoke/LambdaForm$MH+0x0000013414284c00'
Event: 170114.656 Thread 0x000001347dd8f8e0 Unloading class 0x0000013414285000 'java/lang/invoke/LambdaForm$MH+0x0000013414285000'
Event: 170114.656 Thread 0x000001347dd8f8e0 Unloading class 0x000001341421b800 'java/lang/invoke/LambdaForm$MH+0x000001341421b800'
Event: 170114.656 Thread 0x000001347dd8f8e0 Unloading class 0x0000013414276800 'java/lang/invoke/LambdaForm$MH+0x0000013414276800'
Event: 170114.656 Thread 0x000001347dd8f8e0 Unloading class 0x0000013414288400 'java/lang/invoke/LambdaForm$MH+0x0000013414288400'
Event: 170114.657 Thread 0x000001347dd8f8e0 Unloading class 0x0000013414280c00 'java/lang/invoke/LambdaForm$MH+0x0000013414280c00'
Event: 170114.657 Thread 0x000001347dd8f8e0 Unloading class 0x0000013414277800 'java/lang/invoke/LambdaForm$MH+0x0000013414277800'
Event: 170114.658 Thread 0x000001347dd8f8e0 Unloading class 0x000001341400d000 'java/lang/invoke/LambdaForm$MH+0x000001341400d000'
Event: 170114.658 Thread 0x000001347dd8f8e0 Unloading class 0x000001341416ec00 'java/lang/invoke/LambdaForm$MH+0x000001341416ec00'
Event: 170114.658 Thread 0x000001347dd8f8e0 Unloading class 0x000001341416e800 'java/lang/invoke/LambdaForm$MH+0x000001341416e800'
Event: 170114.658 Thread 0x000001347dd8f8e0 Unloading class 0x00000134141a3400 'java/lang/invoke/LambdaForm$MH+0x00000134141a3400'
Event: 170114.658 Thread 0x000001347dd8f8e0 Unloading class 0x00000134141a3000 'java/lang/invoke/LambdaForm$MH+0x00000134141a3000'
Event: 170114.658 Thread 0x000001347dd8f8e0 Unloading class 0x00000134141aa800 'java/lang/invoke/LambdaForm$MH+0x00000134141aa800'
Event: 170114.658 Thread 0x000001347dd8f8e0 Unloading class 0x00000134141ac000 'java/lang/invoke/LambdaForm$MH+0x00000134141ac000'
Event: 170114.658 Thread 0x000001347dd8f8e0 Unloading class 0x000001341401e800 'java/lang/invoke/LambdaForm$MH+0x000001341401e800'
Event: 170114.658 Thread 0x000001347dd8f8e0 Unloading class 0x000001341401f800 'java/lang/invoke/LambdaForm$MH+0x000001341401f800'
Event: 170114.658 Thread 0x000001347dd8f8e0 Unloading class 0x0000013414080800 'java/lang/invoke/LambdaForm$MH+0x0000013414080800'
Event: 170114.658 Thread 0x000001347dd8f8e0 Unloading class 0x0000013414118000 'java/lang/invoke/LambdaForm$MH+0x0000013414118000'
Event: 170114.658 Thread 0x000001347dd8f8e0 Unloading class 0x0000013414174800 'java/lang/invoke/LambdaForm$MH+0x0000013414174800'

Classes redefined (0 events):
No events

Internal exceptions (20 events):
Event: 94605.790 Thread 0x0000013458ede890 Exception <a 'java/lang/NoSuchMethodError'{0x00000000d571f5d8}: 'int java.lang.invoke.DirectMethodHandle$Holder.invokeVirtual(java.lang.Object, java.lang.Object, java.lang.Object, int)'> (0x00000000d571f5d8) 
thrown [s\src\hotspot\share\interpreter\linkResolver.cpp, line 773]
Event: 95557.387 Thread 0x000001345817a510 Exception <a 'sun/nio/fs/WindowsException'{0x00000000d57f8e80}> (0x00000000d57f8e80) 
thrown [s\src\hotspot\share\prims\jni.cpp, line 520]
Event: 95560.713 Thread 0x000001345817a510 Exception <a 'sun/nio/fs/WindowsException'{0x00000000d5580a48}> (0x00000000d5580a48) 
thrown [s\src\hotspot\share\prims\jni.cpp, line 520]
Event: 95577.388 Thread 0x0000013458ee0960 Exception <a 'java/lang/ArrayIndexOutOfBoundsException'{0x00000000d55b3f50}> (0x00000000d55b3f50) 
thrown [s\src\hotspot\share\runtime\sharedRuntime.cpp, line 625]
Event: 95585.839 Thread 0x000001345817a510 Exception <a 'sun/nio/fs/WindowsException'{0x00000000d56c6400}> (0x00000000d56c6400) 
thrown [s\src\hotspot\share\prims\jni.cpp, line 520]
Event: 95586.100 Thread 0x000001345817a510 Exception <a 'sun/nio/fs/WindowsException'{0x00000000d5b74790}> (0x00000000d5b74790) 
thrown [s\src\hotspot\share\prims\jni.cpp, line 520]
Event: 95586.113 Thread 0x0000013458edc7c0 Implicit null exception at 0x0000013408c607ae to 0x0000013408c62b90
Event: 95857.231 Thread 0x0000013458edf5b0 Exception <a 'sun/nio/fs/WindowsException'{0x00000000d5a7e8c8}> (0x00000000d5a7e8c8) 
thrown [s\src\hotspot\share\prims\jni.cpp, line 520]
Event: 95857.231 Thread 0x0000013458edf5b0 Exception <a 'sun/nio/fs/WindowsException'{0x00000000d5a7f190}> (0x00000000d5a7f190) 
thrown [s\src\hotspot\share\prims\jni.cpp, line 520]
Event: 169537.118 Thread 0x0000013458edb410 Exception <a 'java/lang/ArrayIndexOutOfBoundsException'{0x00000000d586d120}> (0x00000000d586d120) 
thrown [s\src\hotspot\share\runtime\sharedRuntime.cpp, line 625]
Event: 169548.206 Thread 0x000001345817a510 Exception <a 'sun/nio/fs/WindowsException'{0x00000000d57d8898}> (0x00000000d57d8898) 
thrown [s\src\hotspot\share\prims\jni.cpp, line 520]
Event: 169549.815 Thread 0x000001345817a510 Exception <a 'sun/nio/fs/WindowsException'{0x00000000d56fd0b0}> (0x00000000d56fd0b0) 
thrown [s\src\hotspot\share\prims\jni.cpp, line 520]
Event: 169848.254 Thread 0x0000013458edf5b0 Exception <a 'sun/nio/fs/WindowsException'{0x00000000d569a170}> (0x00000000d569a170) 
thrown [s\src\hotspot\share\prims\jni.cpp, line 520]
Event: 169848.255 Thread 0x0000013458edf5b0 Exception <a 'sun/nio/fs/WindowsException'{0x00000000d569ac98}> (0x00000000d569ac98) 
thrown [s\src\hotspot\share\prims\jni.cpp, line 520]
Event: 169902.888 Thread 0x000001345817a510 Exception <a 'sun/nio/fs/WindowsException'{0x00000000d55c9a60}> (0x00000000d55c9a60) 
thrown [s\src\hotspot\share\prims\jni.cpp, line 520]
Event: 169903.824 Thread 0x000001345817a510 Exception <a 'sun/nio/fs/WindowsException'{0x00000000d56dec38}> (0x00000000d56dec38) 
thrown [s\src\hotspot\share\prims\jni.cpp, line 520]
Event: 170113.352 Thread 0x000001345817a510 Exception <a 'sun/nio/fs/WindowsException'{0x00000000d5cb3490}> (0x00000000d5cb3490) 
thrown [s\src\hotspot\share\prims\jni.cpp, line 520]
Event: 170114.187 Thread 0x000001345817a510 Exception <a 'sun/nio/fs/WindowsException'{0x00000000d583e878}> (0x00000000d583e878) 
thrown [s\src\hotspot\share\prims\jni.cpp, line 520]
Event: 170203.180 Thread 0x0000013458179e80 Exception <a 'sun/nio/fs/WindowsException'{0x00000000d5591500}> (0x00000000d5591500) 
thrown [s\src\hotspot\share\prims\jni.cpp, line 520]
Event: 170203.198 Thread 0x0000013458179e80 Exception <a 'sun/nio/fs/WindowsException'{0x00000000d5734068}> (0x00000000d5734068) 
thrown [s\src\hotspot\share\prims\jni.cpp, line 520]

ZGC Phase Switch (0 events):
No events

VM Operations (20 events):
Event: 184710.374 Executing VM operation: HandshakeAllThreads (HandshakeForDeflation)
Event: 184710.374 Executing VM operation: HandshakeAllThreads (HandshakeForDeflation) done
Event: 184710.375 Executing VM operation: RendezvousGCThreads
Event: 184710.375 Executing VM operation: RendezvousGCThreads done
Event: 185612.522 Executing VM operation: HandshakeAllThreads (HandshakeForDeflation)
Event: 185612.522 Executing VM operation: HandshakeAllThreads (HandshakeForDeflation) done
Event: 185612.522 Executing VM operation: RendezvousGCThreads
Event: 185612.522 Executing VM operation: RendezvousGCThreads done
Event: 186514.097 Executing VM operation: HandshakeAllThreads (HandshakeForDeflation)
Event: 186514.097 Executing VM operation: HandshakeAllThreads (HandshakeForDeflation) done
Event: 186514.097 Executing VM operation: RendezvousGCThreads
Event: 186514.097 Executing VM operation: RendezvousGCThreads done
Event: 186574.367 Executing VM operation: HandshakeAllThreads (HandshakeForDeflation)
Event: 186574.367 Executing VM operation: HandshakeAllThreads (HandshakeForDeflation) done
Event: 186574.367 Executing VM operation: RendezvousGCThreads
Event: 186574.367 Executing VM operation: RendezvousGCThreads done
Event: 190120.984 Executing VM operation: HandshakeAllThreads (HandshakeForDeflation)
Event: 190120.988 Executing VM operation: HandshakeAllThreads (HandshakeForDeflation) done
Event: 190120.988 Executing VM operation: RendezvousGCThreads
Event: 190120.988 Executing VM operation: RendezvousGCThreads done

Memory protections (0 events):
No events

Nmethod flushes (20 events):
Event: 170115.845 Thread 0x000001347dd8f8e0 flushing  nmethod 0x0000013403632110
Event: 170115.845 Thread 0x000001347dd8f8e0 flushing  nmethod 0x0000013403660790
Event: 170115.845 Thread 0x000001347dd8f8e0 flushing  nmethod 0x0000013403661490
Event: 170115.845 Thread 0x000001347dd8f8e0 flushing  nmethod 0x0000013403663790
Event: 170115.845 Thread 0x000001347dd8f8e0 flushing  nmethod 0x0000013403679f10
Event: 170115.845 Thread 0x000001347dd8f8e0 flushing  nmethod 0x0000013403691d10
Event: 170115.845 Thread 0x000001347dd8f8e0 flushing  nmethod 0x000001340369c390
Event: 170115.846 Thread 0x000001347dd8f8e0 flushing  nmethod 0x00000134036bbc10
Event: 170115.846 Thread 0x000001347dd8f8e0 flushing  nmethod 0x00000134036bf210
Event: 170115.846 Thread 0x000001347dd8f8e0 flushing  nmethod 0x00000134036c0b10
Event: 170115.846 Thread 0x000001347dd8f8e0 flushing  nmethod 0x00000134036c2610
Event: 170115.846 Thread 0x000001347dd8f8e0 flushing  nmethod 0x00000134036c7810
Event: 170115.846 Thread 0x000001347dd8f8e0 flushing  nmethod 0x00000134036df090
Event: 170115.846 Thread 0x000001347dd8f8e0 flushing  nmethod 0x00000134036df610
Event: 170115.846 Thread 0x000001347dd8f8e0 flushing  nmethod 0x0000013403715790
Event: 170115.846 Thread 0x000001347dd8f8e0 flushing  nmethod 0x0000013403721b10
Event: 170115.846 Thread 0x000001347dd8f8e0 flushing  nmethod 0x0000013403723e10
Event: 170115.846 Thread 0x000001347dd8f8e0 flushing  nmethod 0x000001340372b790
Event: 170115.846 Thread 0x000001347dd8f8e0 flushing  nmethod 0x0000013403733590
Event: 170115.847 Thread 0x000001347dd8f8e0 flushing  nmethod 0x0000013403738210

Events (20 events):
Event: 170113.625 Thread 0x000001345a6ba4d0 Thread added: 0x000001345817d300
Event: 170116.588 Thread 0x0000013458edf5b0 Thread added: 0x0000013458179e80
Event: 170173.741 Thread 0x000001345817d300 Thread exited: 0x000001345817d300
Event: 170203.030 Thread 0x0000013458179e80 Thread added: 0x000001345817d300
Event: 170203.171 Thread 0x000001345a6b8400 Thread exited: 0x000001345a6b8400
Event: 170203.197 Thread 0x000001345817d300 Thread exited: 0x000001345817d300
Event: 170203.209 Thread 0x0000013458179e80 Thread added: 0x000001345817d300
Event: 170203.288 Thread 0x000001345817d300 Thread exited: 0x000001345817d300
Event: 170263.772 Thread 0x0000013458179e80 Thread exited: 0x0000013458179e80
Event: 170311.232 Thread 0x000001345817bf50 Thread exited: 0x000001345817bf50
Event: 170371.250 Thread 0x000001345a6b6330 Thread exited: 0x000001345a6b6330
Event: 170413.500 Thread 0x000001345817cc70 Thread exited: 0x000001345817cc70
Event: 170431.259 Thread 0x000001345a6b76e0 Thread exited: 0x000001345a6b76e0
Event: 172990.329 Thread 0x000001345a6ba4d0 Thread added: 0x000001345817bf50
Event: 172990.342 Thread 0x0000013458edf5b0 Thread exited: 0x0000013458edf5b0
Event: 173890.302 Thread 0x000001345a6ba4d0 Thread added: 0x000001345817cc70
Event: 173890.302 Thread 0x000001345817bf50 Thread exited: 0x000001345817bf50
Event: 177490.506 Thread 0x000001345a6ba4d0 Thread added: 0x000001345817bf50
Event: 177550.507 Thread 0x000001345817cc70 Thread exited: 0x000001345817cc70
Event: 190090.853 Thread 0x000001345a6ba4d0 Thread added: 0x0000013458179e80


Dynamic libraries:
0x00007ff7be580000 - 0x00007ff7be58e000 	c:\Users\moham\.vscode\extensions\redhat.java-1.52.0-win32-x64\jre\21.0.9-win32-x86_64\bin\java.exe
0x00007ffb27050000 - 0x00007ffb27248000 	C:\WINDOWS\SYSTEM32\ntdll.dll
0x00007ffaf67f0000 - 0x00007ffaf6810000 	C:\Program Files\Avast Software\Avast\aswhook.dll
0x00007ffb25550000 - 0x00007ffb25612000 	C:\WINDOWS\System32\KERNEL32.DLL
0x00007ffb246e0000 - 0x00007ffb249d6000 	C:\WINDOWS\System32\KERNELBASE.dll
0x00007ffb211f0000 - 0x00007ffb21284000 	C:\WINDOWS\SYSTEM32\apphelp.dll
0x00007ffb24cf0000 - 0x00007ffb24df0000 	C:\WINDOWS\System32\ucrtbase.dll
0x00007ffaf7150000 - 0x00007ffaf7168000 	c:\Users\moham\.vscode\extensions\redhat.java-1.52.0-win32-x64\jre\21.0.9-win32-x86_64\bin\jli.dll
0x00007ffb25800000 - 0x00007ffb259a1000 	C:\WINDOWS\System32\USER32.dll
0x00007ffb249e0000 - 0x00007ffb24a02000 	C:\WINDOWS\System32\win32u.dll
0x00007ffb25080000 - 0x00007ffb250ab000 	C:\WINDOWS\System32\GDI32.dll
0x00007ffb24f50000 - 0x00007ffb25069000 	C:\WINDOWS\System32\gdi32full.dll
0x00007ffb24ae0000 - 0x00007ffb24b7d000 	C:\WINDOWS\System32\msvcp_win.dll
0x00007ffaf68f0000 - 0x00007ffaf690e000 	c:\Users\moham\.vscode\extensions\redhat.java-1.52.0-win32-x64\jre\21.0.9-win32-x86_64\bin\VCRUNTIME140.dll
0x00007ffb14140000 - 0x00007ffb143db000 	C:\WINDOWS\WinSxS\amd64_microsoft.windows.common-controls_6595b64144ccf1df_6.0.19041.6456_none_60b8a6cb71f64256\COMCTL32.dll
0x00007ffb25310000 - 0x00007ffb253ae000 	C:\WINDOWS\System32\msvcrt.dll
0x00007ffb257d0000 - 0x00007ffb257ff000 	C:\WINDOWS\System32\IMM32.DLL
0x00007ffb0a2c0000 - 0x00007ffb0a2cc000 	c:\Users\moham\.vscode\extensions\redhat.java-1.52.0-win32-x64\jre\21.0.9-win32-x86_64\bin\vcruntime140_1.dll
0x00007ffade720000 - 0x00007ffade7ad000 	c:\Users\moham\.vscode\extensions\redhat.java-1.52.0-win32-x64\jre\21.0.9-win32-x86_64\bin\msvcp140.dll
0x00007ffab4870000 - 0x00007ffab5610000 	c:\Users\moham\.vscode\extensions\redhat.java-1.52.0-win32-x64\jre\21.0.9-win32-x86_64\bin\server\jvm.dll
0x00007ffb251f0000 - 0x00007ffb252a1000 	C:\WINDOWS\System32\ADVAPI32.dll
0x00007ffb25b10000 - 0x00007ffb25baf000 	C:\WINDOWS\System32\sechost.dll
0x00007ffb253b0000 - 0x00007ffb254d0000 	C:\WINDOWS\System32\RPCRT4.dll
0x00007ffb24c30000 - 0x00007ffb24c57000 	C:\WINDOWS\System32\bcrypt.dll
0x00007ffb25c10000 - 0x00007ffb25c7b000 	C:\WINDOWS\System32\WS2_32.dll
0x00007ffb24540000 - 0x00007ffb2458b000 	C:\WINDOWS\SYSTEM32\POWRPROF.dll
0x00007ffb13eb0000 - 0x00007ffb13ed7000 	C:\WINDOWS\SYSTEM32\WINMM.dll
0x00007ffb1c970000 - 0x00007ffb1c97a000 	C:\WINDOWS\SYSTEM32\VERSION.dll
0x00007ffb24520000 - 0x00007ffb24532000 	C:\WINDOWS\SYSTEM32\UMPDC.dll
0x00007ffb22f20000 - 0x00007ffb22f32000 	C:\WINDOWS\SYSTEM32\kernel.appcore.dll
0x00007ffb07840000 - 0x00007ffb0784a000 	c:\Users\moham\.vscode\extensions\redhat.java-1.52.0-win32-x64\jre\21.0.9-win32-x86_64\bin\jimage.dll
0x00007ffb1ae70000 - 0x00007ffb1b071000 	C:\WINDOWS\SYSTEM32\DBGHELP.DLL
0x00007ffb1a690000 - 0x00007ffb1a6c4000 	C:\WINDOWS\SYSTEM32\dbgcore.DLL
0x00007ffb24c60000 - 0x00007ffb24ce2000 	C:\WINDOWS\System32\bcryptPrimitives.dll
0x00007ffb059f0000 - 0x00007ffb059ff000 	c:\Users\moham\.vscode\extensions\redhat.java-1.52.0-win32-x64\jre\21.0.9-win32-x86_64\bin\instrument.dll
0x00007ffaf6810000 - 0x00007ffaf6830000 	c:\Users\moham\.vscode\extensions\redhat.java-1.52.0-win32-x64\jre\21.0.9-win32-x86_64\bin\java.dll
0x00007ffb261d0000 - 0x00007ffb26940000 	C:\WINDOWS\System32\SHELL32.dll
0x00007ffb21d10000 - 0x00007ffb224b5000 	C:\WINDOWS\SYSTEM32\windows.storage.dll
0x00007ffb25e10000 - 0x00007ffb26164000 	C:\WINDOWS\System32\combase.dll
0x00007ffb24030000 - 0x00007ffb2405b000 	C:\WINDOWS\SYSTEM32\Wldp.dll
0x00007ffb25a40000 - 0x00007ffb25b0d000 	C:\WINDOWS\System32\OLEAUT32.dll
0x00007ffb25c80000 - 0x00007ffb25d2d000 	C:\WINDOWS\System32\SHCORE.dll
0x00007ffb252b0000 - 0x00007ffb2530b000 	C:\WINDOWS\System32\shlwapi.dll
0x00007ffb24610000 - 0x00007ffb24634000 	C:\WINDOWS\SYSTEM32\profapi.dll
0x00007ffaf60c0000 - 0x00007ffaf60d8000 	c:\Users\moham\.vscode\extensions\redhat.java-1.52.0-win32-x64\jre\21.0.9-win32-x86_64\bin\zip.dll
0x00007ffb014f0000 - 0x00007ffb01500000 	C:\Users\moham\.vscode\extensions\redhat.java-1.52.0-win32-x64\jre\21.0.9-win32-x86_64\bin\net.dll
0x00007ffb1b720000 - 0x00007ffb1b82a000 	C:\WINDOWS\SYSTEM32\WINHTTP.dll
0x00007ffb23d90000 - 0x00007ffb23dfa000 	C:\WINDOWS\system32\mswsock.dll
0x00007ffaf47b0000 - 0x00007ffaf47c6000 	C:\Users\moham\.vscode\extensions\redhat.java-1.52.0-win32-x64\jre\21.0.9-win32-x86_64\bin\nio.dll
0x00007ffb008c0000 - 0x00007ffb008d0000 	c:\Users\moham\.vscode\extensions\redhat.java-1.52.0-win32-x64\jre\21.0.9-win32-x86_64\bin\verify.dll
0x00007ffae20e0000 - 0x00007ffae2125000 	C:\Users\moham\AppData\Roaming\Code\User\globalStorage\redhat.java\1.52.0\config_win\org.eclipse.equinox.launcher\org.eclipse.equinox.launcher.win32.win32.x86_64_1.2.1500.v20260121-1430\eclipse_11919.dll
0x00007ffb26ed0000 - 0x00007ffb26ffb000 	C:\WINDOWS\System32\ole32.dll
0x00007ffb23f80000 - 0x00007ffb23f98000 	C:\WINDOWS\SYSTEM32\CRYPTSP.dll
0x00007ffb236b0000 - 0x00007ffb236e8000 	C:\WINDOWS\system32\rsaenh.dll
0x00007ffb24590000 - 0x00007ffb245be000 	C:\WINDOWS\SYSTEM32\USERENV.dll
0x00007ffb23fa0000 - 0x00007ffb23fac000 	C:\WINDOWS\SYSTEM32\CRYPTBASE.dll
0x00007ffb23a70000 - 0x00007ffb23aab000 	C:\WINDOWS\SYSTEM32\IPHLPAPI.DLL
0x00007ffb25070000 - 0x00007ffb25078000 	C:\WINDOWS\System32\NSI.dll
0x00007ffadd850000 - 0x00007ffadd899000 	C:\Users\moham\AppData\Local\Temp\jna-104073650\jna8493626956880963960.dll
0x00007ffb27000000 - 0x00007ffb27008000 	C:\WINDOWS\System32\PSAPI.DLL
0x00007ffb190f0000 - 0x00007ffb19107000 	C:\WINDOWS\SYSTEM32\dhcpcsvc6.DLL
0x00007ffb1b830000 - 0x00007ffb1b84d000 	C:\WINDOWS\SYSTEM32\dhcpcsvc.DLL
0x00007ffb0c000000 - 0x00007ffb0c00e000 	C:\Users\moham\.vscode\extensions\redhat.java-1.52.0-win32-x64\jre\21.0.9-win32-x86_64\bin\sunmscapi.dll
0x00007ffb24df0000 - 0x00007ffb24f4d000 	C:\WINDOWS\System32\CRYPT32.dll
0x00007ffb240a0000 - 0x00007ffb240c7000 	C:\WINDOWS\SYSTEM32\ncrypt.dll
0x00007ffb24060000 - 0x00007ffb2409b000 	C:\WINDOWS\SYSTEM32\NTASN1.dll
0x00007ffb23ab0000 - 0x00007ffb23b7a000 	C:\WINDOWS\SYSTEM32\DNSAPI.dll
0x00007ffb167d0000 - 0x00007ffb167da000 	C:\Windows\System32\rasadhlp.dll
0x00007ffb16810000 - 0x00007ffb16890000 	C:\WINDOWS\System32\fwpuclnt.dll
0x00007ffaff6a0000 - 0x00007ffaff6a9000 	C:\Users\moham\.vscode\extensions\redhat.java-1.52.0-win32-x64\jre\21.0.9-win32-x86_64\bin\extnet.dll

JVMTI agents:
c:\Users\moham\.vscode\extensions\redhat.java-1.52.0-win32-x64\lombok\lombok-1.18.39-4050.jar path:c:\Users\moham\.vscode\extensions\redhat.java-1.52.0-win32-x64\jre\21.0.9-win32-x86_64\bin\instrument.dll, loaded, initialized, instrumentlib options:none

dbghelp: loaded successfully - version: 4.0.5 - missing functions: none
symbol engine: initialized successfully - sym options: 0x614 - pdb path: .;c:\Users\moham\.vscode\extensions\redhat.java-1.52.0-win32-x64\jre\21.0.9-win32-x86_64\bin;C:\WINDOWS\SYSTEM32;C:\Program Files\Avast Software\Avast;C:\WINDOWS\WinSxS\amd64_microsoft.windows.common-controls_6595b64144ccf1df_6.0.19041.6456_none_60b8a6cb71f64256;c:\Users\moham\.vscode\extensions\redhat.java-1.52.0-win32-x64\jre\21.0.9-win32-x86_64\bin\server;C:\Users\moham\AppData\Roaming\Code\User\globalStorage\redhat.java\1.52.0\config_win\org.eclipse.equinox.launcher\org.eclipse.equinox.launcher.win32.win32.x86_64_1.2.1500.v20260121-1430;C:\Users\moham\AppData\Local\Temp\jna-104073650

VM Arguments:
jvm_args: --add-modules=ALL-SYSTEM --add-opens=java.base/java.util=ALL-UNNAMED --add-opens=java.base/java.lang=ALL-UNNAMED --add-opens=java.base/sun.nio.fs=ALL-UNNAMED -Declipse.application=org.eclipse.jdt.ls.core.id1 -Dosgi.bundles.defaultStartLevel=4 -Declipse.product=org.eclipse.jdt.ls.core.product -Djava.import.generatesMetadataFilesAtProjectRoot=false -DDetectVMInstallationsJob.disabled=true -Dfile.encoding=utf8 -XX:+UseParallelGC -XX:GCTimeRatio=4 -XX:AdaptiveSizePolicyWeight=90 -Dsun.zip.disableMemoryMapping=true -Xmx2G -Xms100m -Xlog:disable -javaagent:c:\Users\moham\.vscode\extensions\redhat.java-1.52.0-win32-x64\lombok\lombok-1.18.39-4050.jar -XX:+HeapDumpOnOutOfMemoryError -XX:HeapDumpPath=c:\Users\moham\AppData\Roaming\Code\User\workspaceStorage\ccb45b5379f088c9f501be76fedf4393\redhat.java -Daether.dependencyCollector.impl=bf 
java_command: c:\Users\moham\.vscode\extensions\redhat.java-1.52.0-win32-x64\server\plugins\org.eclipse.equinox.launcher_1.7.100.v20251111-0406.jar -configuration c:\Users\moham\AppData\Roaming\Code\User\globalStorage\redhat.java\1.52.0\config_win -data c:\Users\moham\AppData\Roaming\Code\User\workspaceStorage\ccb45b5379f088c9f501be76fedf4393\redhat.java\jdt_ws --pipe=\\.\pipe\lsp-5a2535375a271140bac37fec08df10f6-sock
java_class_path (initial): c:\Users\moham\.vscode\extensions\redhat.java-1.52.0-win32-x64\server\plugins\org.eclipse.equinox.launcher_1.7.100.v20251111-0406.jar
Launcher Type: SUN_STANDARD

[Global flags]
    uintx AdaptiveSizePolicyWeight                 = 90                                        {product} {command line}
     intx CICompilerCount                          = 3                                         {product} {ergonomic}
    uintx GCTimeRatio                              = 4                                         {product} {command line}
     bool HeapDumpOnOutOfMemoryError               = true                                   {manageable} {command line}
    ccstr HeapDumpPath                             = c:\Users\moham\AppData\Roaming\Code\User\workspaceStorage\ccb45b5379f088c9f501be76fedf4393\redhat.java         {manageable} {command line}
   size_t InitialHeapSize                          = 104857600                                 {product} {command line}
   size_t MaxHeapSize                              = 2147483648                                {product} {command line}
   size_t MaxNewSize                               = 715653120                                 {product} {ergonomic}
   size_t MinHeapDeltaBytes                        = 524288                                    {product} {ergonomic}
   size_t MinHeapSize                              = 104857600                                 {product} {command line}
   size_t NewSize                                  = 34603008                                  {product} {ergonomic}
    uintx NonNMethodCodeHeapSize                   = 5832780                                {pd product} {ergonomic}
    uintx NonProfiledCodeHeapSize                  = 122912730                              {pd product} {ergonomic}
   size_t OldSize                                  = 70254592                                  {product} {ergonomic}
    uintx ProfiledCodeHeapSize                     = 122912730                              {pd product} {ergonomic}
    uintx ReservedCodeCacheSize                    = 251658240                              {pd product} {ergonomic}
     bool SegmentedCodeCache                       = true                                      {product} {ergonomic}
   size_t SoftMaxHeapSize                          = 2147483648                             {manageable} {ergonomic}
     bool UseCompressedOops                        = true                           {product lp64_product} {ergonomic}
     bool UseLargePagesIndividualAllocation        = false                                  {pd product} {ergonomic}
     bool UseParallelGC                            = true                                      {product} {command line}

Logging:
Log output configuration:
 #0: stdout all=off uptime,level,tags foldmultilines=false
 #1: stderr all=off uptime,level,tags foldmultilines=false

Release file:
JAVA_VERSION="21.0.9" 
MODULES="java.base java.compiler java.datatransfer java.xml java.prefs java.desktop java.instrument java.logging java.management java.security.sasl java.naming java.rmi java.management.rmi java.net.http java.scripting java.security.jgss java.transaction.xa java.sql java.sql.rowset java.xml.crypto java.se java.smartcardio jdk.accessibility jdk.internal.jvmstat jdk.attach jdk.charsets jdk.internal.opt jdk.zipfs jdk.compiler jdk.crypto.ec jdk.crypto.cryptoki jdk.crypto.mscapi jdk.dynalink jdk.internal.ed jdk.editpad jdk.hotspot.agent jdk.httpserver jdk.internal.le jdk.internal.vm.ci jdk.internal.vm.compiler jdk.internal.vm.compiler.management jdk.jartool jdk.javadoc jdk.jcmd jdk.management jdk.management.agent jdk.jconsole jdk.jdeps jdk.jdwp.agent jdk.jdi jdk.jfr jdk.jshell jdk.jsobject jdk.jstatd jdk.localedata jdk.management.jfr jdk.naming.dns jdk.naming.rmi jdk.net jdk.nio.mapmode jdk.random jdk.sctp jdk.security.auth jdk.security.jgss jdk.unsupported jdk.unsupported.desktop jdk.xml.dom" 

Environment Variables:
PATH=C:\Python314\Scripts\;C:\Python314\;C:\Program Files\Common Files\Oracle\Java\javapath;C:\Python313\Scripts\;C:\Python313\;C:\WINDOWS\system32;C:\WINDOWS;C:\WINDOWS\System32\Wbem;C:\WINDOWS\System32\WindowsPowerShell\v1.0\;C:\WINDOWS\System32\OpenSSH\;C:\ProgramData\chocolatey\bin;C:\Program Files\Java\jdk-17\bin;C:\Program Files (x86)\Microsoft SQL Server\160\Tools\Binn\;C:\Program Files\Microsoft SQL Server\160\Tools\Binn\;C:\Program Files\Microsoft SQL Server\Client SDK\ODBC\170\Tools\Binn\;C:\Program Files\Microsoft SQL Server\160\DTS\Binn\;C:\Program Files (x86)\Microsoft SQL Server\160\DTS\Binn\;C:\Program Files\Git\cmd;C:\Program Files (x86)\Microsoft SQL Server\170\Tools\Binn\;C:\Program Files\Microsoft SQL Server\170\Tools\Binn\;C:\Program Files\Microsoft SQL Server\Client SDK\ODBC\180\Tools\Binn\;C:\Program Files\Microsoft SQL Server\170\DTS\Binn\;%NVM_HOME%;%NVM_SYMLINK%;C:\Program Files\MySQL\MySQL Shell 8.0\bin\;C:\Users\moham\AppData\Local\Microsoft\WindowsApps;C:\Users\moham\AppData\Local\Programs\Microsoft VS Code\bin;C:\Users\moham\AppData\Local\GitHubDesktop\bin;C:\Users\moham\AppData\Roaming\npm;C:\Program Files\JetBrains\IntelliJ IDEA 2025.3.1\bin;C:\Users\moham\AppData\Local\nvm;C:\nvm4w\nodejs;C:\Users\moham\AppData\Local\Python\bin
USERNAME=moham
OS=Windows_NT
PROCESSOR_IDENTIFIER=Intel64 Family 6 Model 78 Stepping 3, GenuineIntel
TMP=C:\Users\moham\AppData\Local\Temp
TEMP=C:\Users\moham\AppData\Local\Temp




Periodic native trim disabled

---------------  S Y S T E M  ---------------

OS:
 Windows 10 , 64 bit Build 19041 (10.0.19041.5915)
OS uptime: 3 days 5:56 hours

CPU: total 4 (initial active 4) (2 cores per cpu, 2 threads per core) family 6 model 78 stepping 3 microcode 0xcc, cx8, cmov, fxsr, ht, mmx, 3dnowpref, sse, sse2, sse3, ssse3, sse4.1, sse4.2, popcnt, lzcnt, tsc, tscinvbit, avx, avx2, aes, erms, clmul, bmi1, bmi2, rtm, adx, fma, vzeroupper, clflush, clflushopt, rdtscp, f16c
Processor Information for the first 4 processors :
  Max Mhz: 2501, Current Mhz: 2501, Mhz Limit: 2501

Memory: 4k page, system-wide physical 8059M (664M free)
TotalPageFile size 25721M (AvailPageFile size 20M)
current process WorkingSet (physical memory assigned to process): 37M, peak: 1227M
current process commit charge ("private bytes"): 567M, peak: 1792M

vm_info: OpenJDK 64-Bit Server VM (21.0.9+10-LTS) for windows-amd64 JRE (21.0.9+10-LTS), built on 2025-10-21T00:00:00Z by "admin" with unknown MS VC++:1942

END.
